<?xml version="1.0" encoding="UTF-8"?>
<!-- Generated by org.testng.reporters.JUnitReportReporter -->
<testsuite hostname="LAPTOP-CVJ1F096" failures="0" tests="3" name="browsertest.crossbrowser" time="5.449" errors="0" timestamp="2023-09-20T13:38:28 IST" skipped="0">
  <testcase classname="browsertest.crossbrowser" name="Test" time="1.708"/>
  <testcase classname="browsertest.crossbrowser" name="Test" time="1.618"/>
  <testcase classname="browsertest.crossbrowser" name="Test" time="2.123"/>
</testsuite> <!-- browsertest.crossbrowser -->
